<?xml version="1.0"?>
<!DOCTYPE coverage SYSTEM "http://cobertura.sourceforge.net/xml/coverage-04.dtd">

<coverage line-rate="0.9134615384615384" branch-rate="0.7441860465116279" lines-covered="95" lines-valid="104" branches-covered="32" branches-valid="43" complexity="2.9473684210526314" version="2.0.3" timestamp="1424106537271">
	<sources>
		<source>/home/shevek/java/jallocator/src/main/java</source>
	</sources>
	<packages>
		<package name="org.anarres.jallocator" line-rate="0.9134615384615384" branch-rate="0.7441860465116279" complexity="2.9473684210526314">
			<classes>
				<class name="org.anarres.jallocator.PermutationGenerator" filename="org/anarres/jallocator/PermutationGenerator.java" line-rate="0.8933333333333333" branch-rate="0.7435897435897436" complexity="4.090909090909091">
					<methods>
						<method name="&lt;clinit&gt;" signature="()V" line-rate="1.0" branch-rate="1.0">
							<lines>
								<line number="68" hits="1" branch="false"/>
								<line number="74" hits="1" branch="false"/>
								<line number="177" hits="1" branch="false"/>
							</lines>
						</method>
						<method name="&lt;init&gt;" signature="(JJ)V" line-rate="1.0" branch-rate="1.0">
							<lines>
								<line number="124" hits="129" branch="false"/>
								<line number="128" hits="129" branch="false"/>
								<line number="129" hits="129" branch="false"/>
								<line number="130" hits="129" branch="false"/>
								<line number="131" hits="129" branch="false"/>
								<line number="132" hits="129" branch="false"/>
								<line number="133" hits="129" branch="false"/>
								<line number="134" hits="129" branch="false"/>
							</lines>
						</method>
						<method name="F" signature="(IJJ)J" line-rate="1.0" branch-rate="1.0">
							<lines>
								<line number="181" hits="45540845" branch="false"/>
								<line number="182" hits="45545498" branch="false"/>
								<line number="183" hits="45548155" branch="false"/>
								<line number="185" hits="45551141" branch="false"/>
							</lines>
						</method>
						<method name="check" signature="(JLjava/lang/String;)V" line-rate="0.6" branch-rate="0.5">
							<lines>
								<line number="241" hits="15154090" branch="true" condition-coverage="50% (1/2)">
									<conditions>
										<condition number="0" type="jump" coverage="50%"/>
									</conditions>
								</line>
								<line number="242" hits="0" branch="false"/>
								<line number="243" hits="15154097" branch="true" condition-coverage="50% (1/2)">
									<conditions>
										<condition number="0" type="jump" coverage="50%"/>
									</conditions>
								</line>
								<line number="244" hits="0" branch="false"/>
								<line number="245" hits="15155597" branch="false"/>
							</lines>
						</method>
						<method name="fe" signature="(IJJJJ)J" line-rate="0.9166666666666666" branch-rate="0.6666666666666666">
							<lines>
								<line number="190" hits="8283315" branch="false"/>
								<line number="191" hits="8283454" branch="false"/>
								<line number="193" hits="33116976" branch="true" condition-coverage="100% (2/2)">
									<conditions>
										<condition number="0" type="jump" coverage="100%"/>
									</conditions>
								</line>
								<line number="196" hits="24846230" branch="true" condition-coverage="100% (2/2)">
									<conditions>
										<condition number="0" type="jump" coverage="100%"/>
									</conditions>
								</line>
								<line number="197" hits="16565328" branch="false"/>
								<line number="199" hits="8283909" branch="false"/>
								<line number="201" hits="24807842" branch="false"/>
								<line number="202" hits="24818208" branch="false"/>
								<line number="203" hits="24821182" branch="true" condition-coverage="50% (3/6)">
									<conditions>
										<condition number="0" type="jump" coverage="50%"/>
										<condition number="1" type="jump" coverage="50%"/>
										<condition number="2" type="jump" coverage="50%"/>
									</conditions>
								</line>
								<line number="206" hits="8282226" branch="true" condition-coverage="50% (1/2)">
									<conditions>
										<condition number="0" type="jump" coverage="50%"/>
									</conditions>
								</line>
								<line number="207" hits="8282931" branch="false"/>
								<line number="209" hits="0" branch="false"/>
							</lines>
						</method>
						<method name="getRange" signature="()J" line-rate="1.0" branch-rate="1.0">
							<lines>
								<line number="138" hits="128" branch="false"/>
							</lines>
						</method>
						<method name="init" signature="(J)Lorg/anarres/jallocator/PermutationGenerator$Parameters;" line-rate="0.9230769230769231" branch-rate="0.8888888888888888">
							<lines>
								<line number="147" hits="129" branch="true" condition-coverage="85% (6/7)">
									<conditions>
										<condition number="0" type="switch" coverage="85%"/>
									</conditions>
								</line>
								<line number="149" hits="0" branch="false"/>
								<line number="151" hits="7" branch="false"/>
								<line number="153" hits="7" branch="false"/>
								<line number="155" hits="7" branch="false"/>
								<line number="159" hits="22" branch="false"/>
								<line number="162" hits="14" branch="false"/>
								<line number="165" hits="72" branch="false"/>
								<line number="166" hits="72" branch="false"/>
								<line number="167" hits="72" branch="false"/>
								<line number="168" hits="214" branch="true" condition-coverage="100% (2/2)">
									<conditions>
										<condition number="0" type="jump" coverage="100%"/>
									</conditions>
								</line>
								<line number="169" hits="142" branch="false"/>
								<line number="170" hits="72" branch="false"/>
							</lines>
						</method>
						<method name="shuffle" signature="(J)J" line-rate="0.8571428571428571" branch-rate="0.75">
							<lines>
								<line number="249" hits="8245049" branch="false"/>
								<line number="250" hits="8266892" branch="false"/>
								<line number="251" hits="8282831" branch="true" condition-coverage="100% (2/2)">
									<conditions>
										<condition number="0" type="jump" coverage="100%"/>
									</conditions>
								</line>
								<line number="252" hits="16403" branch="false"/>
								<line number="253" hits="8266638" branch="true" condition-coverage="50% (1/2)">
									<conditions>
										<condition number="0" type="jump" coverage="50%"/>
									</conditions>
								</line>
								<line number="254" hits="0" branch="false"/>
								<line number="255" hits="8266807" branch="false"/>
							</lines>
						</method>
						<method name="toString" signature="()Ljava/lang/String;" line-rate="1.0" branch-rate="1.0">
							<lines>
								<line number="271" hits="126" branch="false"/>
							</lines>
						</method>
						<method name="unfe" signature="(IJJJJ)J" line-rate="0.8571428571428571" branch-rate="0.8333333333333334">
							<lines>
								<line number="217" hits="6905037" branch="true" condition-coverage="50% (1/2)">
									<conditions>
										<condition number="0" type="jump" coverage="50%"/>
									</conditions>
								</line>
								<line number="218" hits="6905037" branch="false"/>
								<line number="219" hits="6905037" branch="false"/>
								<line number="221" hits="0" branch="false"/>
								<line number="222" hits="0" branch="false"/>
								<line number="225" hits="27620148" branch="true" condition-coverage="100% (2/2)">
									<conditions>
										<condition number="0" type="jump" coverage="100%"/>
									</conditions>
								</line>
								<line number="227" hits="20715111" branch="true" condition-coverage="100% (2/2)">
									<conditions>
										<condition number="0" type="jump" coverage="100%"/>
									</conditions>
								</line>
								<line number="228" hits="13810074" branch="false"/>
								<line number="229" hits="13810074" branch="false"/>
								<line number="231" hits="6905037" branch="false"/>
								<line number="232" hits="6905037" branch="false"/>
								<line number="234" hits="20715111" branch="false"/>
								<line number="235" hits="20715111" branch="false"/>
								<line number="237" hits="6905037" branch="false"/>
							</lines>
						</method>
						<method name="unshuffle" signature="(J)J" line-rate="0.8571428571428571" branch-rate="0.75">
							<lines>
								<line number="260" hits="6888729" branch="false"/>
								<line number="261" hits="6888729" branch="false"/>
								<line number="262" hits="6905037" branch="true" condition-coverage="100% (2/2)">
									<conditions>
										<condition number="0" type="jump" coverage="100%"/>
									</conditions>
								</line>
								<line number="263" hits="16308" branch="false"/>
								<line number="264" hits="6888729" branch="true" condition-coverage="50% (1/2)">
									<conditions>
										<condition number="0" type="jump" coverage="50%"/>
									</conditions>
								</line>
								<line number="265" hits="0" branch="false"/>
								<line number="266" hits="6888729" branch="false"/>
							</lines>
						</method>
					</methods>
					<lines>
						<line number="68" hits="1" branch="false"/>
						<line number="74" hits="1" branch="false"/>
						<line number="124" hits="129" branch="false"/>
						<line number="128" hits="129" branch="false"/>
						<line number="129" hits="129" branch="false"/>
						<line number="130" hits="129" branch="false"/>
						<line number="131" hits="129" branch="false"/>
						<line number="132" hits="129" branch="false"/>
						<line number="133" hits="129" branch="false"/>
						<line number="134" hits="129" branch="false"/>
						<line number="138" hits="128" branch="false"/>
						<line number="147" hits="129" branch="true" condition-coverage="85% (6/7)">
							<conditions>
								<condition number="0" type="switch" coverage="85%"/>
							</conditions>
						</line>
						<line number="149" hits="0" branch="false"/>
						<line number="151" hits="7" branch="false"/>
						<line number="153" hits="7" branch="false"/>
						<line number="155" hits="7" branch="false"/>
						<line number="159" hits="22" branch="false"/>
						<line number="162" hits="14" branch="false"/>
						<line number="165" hits="72" branch="false"/>
						<line number="166" hits="72" branch="false"/>
						<line number="167" hits="72" branch="false"/>
						<line number="168" hits="214" branch="true" condition-coverage="100% (2/2)">
							<conditions>
								<condition number="0" type="jump" coverage="100%"/>
							</conditions>
						</line>
						<line number="169" hits="142" branch="false"/>
						<line number="170" hits="72" branch="false"/>
						<line number="177" hits="1" branch="false"/>
						<line number="181" hits="45540845" branch="false"/>
						<line number="182" hits="45545498" branch="false"/>
						<line number="183" hits="45548155" branch="false"/>
						<line number="185" hits="45551141" branch="false"/>
						<line number="190" hits="8283315" branch="false"/>
						<line number="191" hits="8283454" branch="false"/>
						<line number="193" hits="33116976" branch="true" condition-coverage="100% (2/2)">
							<conditions>
								<condition number="0" type="jump" coverage="100%"/>
							</conditions>
						</line>
						<line number="196" hits="24846230" branch="true" condition-coverage="100% (2/2)">
							<conditions>
								<condition number="0" type="jump" coverage="100%"/>
							</conditions>
						</line>
						<line number="197" hits="16565328" branch="false"/>
						<line number="199" hits="8283909" branch="false"/>
						<line number="201" hits="24807842" branch="false"/>
						<line number="202" hits="24818208" branch="false"/>
						<line number="203" hits="24821182" branch="true" condition-coverage="50% (3/6)">
							<conditions>
								<condition number="0" type="jump" coverage="50%"/>
								<condition number="1" type="jump" coverage="50%"/>
								<condition number="2" type="jump" coverage="50%"/>
							</conditions>
						</line>
						<line number="206" hits="8282226" branch="true" condition-coverage="50% (1/2)">
							<conditions>
								<condition number="0" type="jump" coverage="50%"/>
							</conditions>
						</line>
						<line number="207" hits="8282931" branch="false"/>
						<line number="209" hits="0" branch="false"/>
						<line number="217" hits="6905037" branch="true" condition-coverage="50% (1/2)">
							<conditions>
								<condition number="0" type="jump" coverage="50%"/>
							</conditions>
						</line>
						<line number="218" hits="6905037" branch="false"/>
						<line number="219" hits="6905037" branch="false"/>
						<line number="221" hits="0" branch="false"/>
						<line number="222" hits="0" branch="false"/>
						<line number="225" hits="27620148" branch="true" condition-coverage="100% (2/2)">
							<conditions>
								<condition number="0" type="jump" coverage="100%"/>
							</conditions>
						</line>
						<line number="227" hits="20715111" branch="true" condition-coverage="100% (2/2)">
							<conditions>
								<condition number="0" type="jump" coverage="100%"/>
							</conditions>
						</line>
						<line number="228" hits="13810074" branch="false"/>
						<line number="229" hits="13810074" branch="false"/>
						<line number="231" hits="6905037" branch="false"/>
						<line number="232" hits="6905037" branch="false"/>
						<line number="234" hits="20715111" branch="false"/>
						<line number="235" hits="20715111" branch="false"/>
						<line number="237" hits="6905037" branch="false"/>
						<line number="241" hits="15154090" branch="true" condition-coverage="50% (1/2)">
							<conditions>
								<condition number="0" type="jump" coverage="50%"/>
							</conditions>
						</line>
						<line number="242" hits="0" branch="false"/>
						<line number="243" hits="15154097" branch="true" condition-coverage="50% (1/2)">
							<conditions>
								<condition number="0" type="jump" coverage="50%"/>
							</conditions>
						</line>
						<line number="244" hits="0" branch="false"/>
						<line number="245" hits="15155597" branch="false"/>
						<line number="249" hits="8245049" branch="false"/>
						<line number="250" hits="8266892" branch="false"/>
						<line number="251" hits="8282831" branch="true" condition-coverage="100% (2/2)">
							<conditions>
								<condition number="0" type="jump" coverage="100%"/>
							</conditions>
						</line>
						<line number="252" hits="16403" branch="false"/>
						<line number="253" hits="8266638" branch="true" condition-coverage="50% (1/2)">
							<conditions>
								<condition number="0" type="jump" coverage="50%"/>
							</conditions>
						</line>
						<line number="254" hits="0" branch="false"/>
						<line number="255" hits="8266807" branch="false"/>
						<line number="260" hits="6888729" branch="false"/>
						<line number="261" hits="6888729" branch="false"/>
						<line number="262" hits="6905037" branch="true" condition-coverage="100% (2/2)">
							<conditions>
								<condition number="0" type="jump" coverage="100%"/>
							</conditions>
						</line>
						<line number="263" hits="16308" branch="false"/>
						<line number="264" hits="6888729" branch="true" condition-coverage="50% (1/2)">
							<conditions>
								<condition number="0" type="jump" coverage="50%"/>
							</conditions>
						</line>
						<line number="265" hits="0" branch="false"/>
						<line number="266" hits="6888729" branch="false"/>
						<line number="271" hits="126" branch="false"/>
					</lines>
				</class>
				<class name="org.anarres.jallocator.PermutationGenerator$Parameters" filename="org/anarres/jallocator/PermutationGenerator.java" line-rate="1.0" branch-rate="1.0" complexity="4.090909090909091">
					<methods>
						<method name="&lt;init&gt;" signature="(JJ)V" line-rate="1.0" branch-rate="1.0">
							<lines>
								<line number="117" hits="129" branch="false"/>
								<line number="118" hits="129" branch="false"/>
								<line number="119" hits="129" branch="false"/>
								<line number="120" hits="129" branch="false"/>
							</lines>
						</method>
						<method name="access$000" signature="(Lorg/anarres/jallocator/PermutationGenerator$Parameters;)J" line-rate="1.0" branch-rate="1.0">
							<lines>
							</lines>
						</method>
						<method name="access$100" signature="(Lorg/anarres/jallocator/PermutationGenerator$Parameters;)J" line-rate="1.0" branch-rate="1.0">
							<lines>
								<line number="112" hits="258" branch="false"/>
							</lines>
						</method>
					</methods>
					<lines>
						<line number="112" hits="258" branch="false"/>
						<line number="117" hits="129" branch="false"/>
						<line number="118" hits="129" branch="false"/>
						<line number="119" hits="129" branch="false"/>
						<line number="120" hits="129" branch="false"/>
					</lines>
				</class>
				<class name="org.anarres.jallocator.ResourceAllocator" filename="org/anarres/jallocator/ResourceAllocator.java" line-rate="0.9090909090909091" branch-rate="0.5" complexity="1.25">
					<methods>
						<method name="&lt;clinit&gt;" signature="()V" line-rate="1.0" branch-rate="1.0">
							<lines>
								<line number="23" hits="1" branch="false"/>
							</lines>
						</method>
						<method name="&lt;init&gt;" signature="(Lorg/anarres/jallocator/ResourceProvider;)V" line-rate="1.0" branch-rate="1.0">
							<lines>
								<line number="28" hits="2" branch="false"/>
								<line number="31" hits="2" branch="false"/>
								<line number="32" hits="2" branch="false"/>
								<line number="33" hits="2" branch="false"/>
							</lines>
						</method>
						<method name="getResourceProvider" signature="()Lorg/anarres/jallocator/ResourceProvider;" line-rate="0.0" branch-rate="1.0">
							<lines>
								<line number="37" hits="0" branch="false"/>
							</lines>
						</method>
						<method name="iterator" signature="()Ljava/util/Iterator;" line-rate="1.0" branch-rate="1.0">
							<lines>
								<line number="51" hits="41" branch="false"/>
							</lines>
						</method>
						<method name="setResourceProvider" signature="(Lorg/anarres/jallocator/ResourceProvider;)V" line-rate="1.0" branch-rate="0.5">
							<lines>
								<line number="42" hits="2" branch="true" condition-coverage="50% (1/2)">
									<conditions>
										<condition number="0" type="jump" coverage="50%"/>
									</conditions>
								</line>
								<line number="43" hits="2" branch="false"/>
								<line number="44" hits="2" branch="false"/>
								<line number="46" hits="2" branch="false"/>
							</lines>
						</method>
					</methods>
					<lines>
						<line number="23" hits="1" branch="false"/>
						<line number="28" hits="2" branch="false"/>
						<line number="31" hits="2" branch="false"/>
						<line number="32" hits="2" branch="false"/>
						<line number="33" hits="2" branch="false"/>
						<line number="37" hits="0" branch="false"/>
						<line number="42" hits="2" branch="true" condition-coverage="50% (1/2)">
							<conditions>
								<condition number="0" type="jump" coverage="50%"/>
							</conditions>
						</line>
						<line number="43" hits="2" branch="false"/>
						<line number="44" hits="2" branch="false"/>
						<line number="46" hits="2" branch="false"/>
						<line number="51" hits="41" branch="false"/>
					</lines>
				</class>
				<class name="org.anarres.jallocator.ResourceIterator" filename="org/anarres/jallocator/ResourceIterator.java" line-rate="1.0" branch-rate="1.0" complexity="2.0">
					<methods>
						<method name="&lt;init&gt;" signature="(Lorg/anarres/jallocator/ResourceProvider;Lorg/anarres/jallocator/PermutationGenerator;Ljava/util/concurrent/atomic/AtomicLong;)V" line-rate="1.0" branch-rate="1.0">
							<lines>
								<line number="31" hits="41" branch="false"/>
								<line number="32" hits="41" branch="false"/>
								<line number="33" hits="41" branch="false"/>
								<line number="34" hits="41" branch="false"/>
								<line number="35" hits="41" branch="false"/>
								<line number="36" hits="41" branch="false"/>
								<line number="37" hits="41" branch="false"/>
							</lines>
						</method>
						<method name="computeNext" signature="()Ljava/lang/Object;" line-rate="1.0" branch-rate="1.0">
							<lines>
								<line number="48" hits="1363124" branch="false"/>
								<line number="50" hits="1378834" branch="true" condition-coverage="100% (2/2)">
									<conditions>
										<condition number="0" type="jump" coverage="100%"/>
									</conditions>
								</line>
								<line number="51" hits="41" branch="false"/>
								<line number="52" hits="1378398" branch="false"/>
								<line number="53" hits="1376657" branch="false"/>
								<line number="54" hits="1378077" branch="false"/>
							</lines>
						</method>
					</methods>
					<lines>
						<line number="31" hits="41" branch="false"/>
						<line number="32" hits="41" branch="false"/>
						<line number="33" hits="41" branch="false"/>
						<line number="34" hits="41" branch="false"/>
						<line number="35" hits="41" branch="false"/>
						<line number="36" hits="41" branch="false"/>
						<line number="37" hits="41" branch="false"/>
						<line number="48" hits="1363124" branch="false"/>
						<line number="50" hits="1378834" branch="true" condition-coverage="100% (2/2)">
							<conditions>
								<condition number="0" type="jump" coverage="100%"/>
							</conditions>
						</line>
						<line number="51" hits="41" branch="false"/>
						<line number="52" hits="1378398" branch="false"/>
						<line number="53" hits="1376657" branch="false"/>
						<line number="54" hits="1378077" branch="false"/>
					</lines>
				</class>
				<class name="org.anarres.jallocator.ResourceProvider" filename="org/anarres/jallocator/ResourceProvider.java" line-rate="1.0" branch-rate="1.0" complexity="1.0">
					<methods>
					</methods>
					<lines>
					</lines>
				</class>
			</classes>
		</package>
	</packages>
</coverage>
