<?xml version="1.0"?>
<!DOCTYPE coverage SYSTEM "http://cobertura.sourceforge.net/xml/coverage-04.dtd">

<coverage line-rate="0.9158878504672897" branch-rate="0.7441860465116279" lines-covered="98" lines-valid="107" branches-covered="32" branches-valid="43" complexity="2.9473684210526314" version="2.0.3" timestamp="1393623771649">
	<sources>
		<source>/home/shevek/java/jallocator/src/main/java</source>
	</sources>
	<packages>
		<package name="org.anarres.jallocator" line-rate="0.9158878504672897" branch-rate="0.7441860465116279" complexity="2.9473684210526314">
			<classes>
				<class name="org.anarres.jallocator.PermutationGenerator" filename="org/anarres/jallocator/PermutationGenerator.java" line-rate="0.8947368421052632" branch-rate="0.7435897435897436" complexity="4.090909090909091">
					<methods>
						<method name="&lt;clinit&gt;" signature="()V" line-rate="1.0" branch-rate="1.0">
							<lines>
								<line number="70" hits="1" branch="false"/>
								<line number="72" hits="1" branch="false"/>
								<line number="76" hits="1" branch="false"/>
								<line number="179" hits="1" branch="false"/>
							</lines>
						</method>
						<method name="&lt;init&gt;" signature="(JJ)V" line-rate="1.0" branch-rate="1.0">
							<lines>
								<line number="126" hits="129" branch="false"/>
								<line number="130" hits="129" branch="false"/>
								<line number="131" hits="129" branch="false"/>
								<line number="132" hits="129" branch="false"/>
								<line number="133" hits="129" branch="false"/>
								<line number="134" hits="129" branch="false"/>
								<line number="135" hits="129" branch="false"/>
								<line number="136" hits="129" branch="false"/>
							</lines>
						</method>
						<method name="F" signature="(IJJ)J" line-rate="1.0" branch-rate="1.0">
							<lines>
								<line number="183" hits="45341491" branch="false"/>
								<line number="184" hits="45344144" branch="false"/>
								<line number="185" hits="45347250" branch="false"/>
								<line number="187" hits="45345556" branch="false"/>
							</lines>
						</method>
						<method name="check" signature="(JLjava/lang/String;)V" line-rate="0.6" branch-rate="0.5">
							<lines>
								<line number="243" hits="15085771" branch="true" condition-coverage="50% (1/2)">
									<conditions>
										<condition number="0" type="jump" coverage="50%"/>
									</conditions>
								</line>
								<line number="244" hits="0" branch="false"/>
								<line number="245" hits="15087870" branch="true" condition-coverage="50% (1/2)">
									<conditions>
										<condition number="0" type="jump" coverage="50%"/>
									</conditions>
								</line>
								<line number="246" hits="0" branch="false"/>
								<line number="247" hits="15088086" branch="false"/>
							</lines>
						</method>
						<method name="fe" signature="(IJJJJ)J" line-rate="0.9166666666666666" branch-rate="0.6666666666666666">
							<lines>
								<line number="192" hits="8215756" branch="false"/>
								<line number="193" hits="8215986" branch="false"/>
								<line number="195" hits="32814575" branch="true" condition-coverage="100% (2/2)">
									<conditions>
										<condition number="0" type="jump" coverage="100%"/>
									</conditions>
								</line>
								<line number="198" hits="24611596" branch="true" condition-coverage="100% (2/2)">
									<conditions>
										<condition number="0" type="jump" coverage="100%"/>
									</conditions>
								</line>
								<line number="199" hits="16422094" branch="false"/>
								<line number="201" hits="8215278" branch="false"/>
								<line number="203" hits="24615762" branch="false"/>
								<line number="204" hits="24617292" branch="false"/>
								<line number="205" hits="24619551" branch="true" condition-coverage="50% (3/6)">
									<conditions>
										<condition number="0" type="jump" coverage="50%"/>
										<condition number="1" type="jump" coverage="50%"/>
										<condition number="2" type="jump" coverage="50%"/>
									</conditions>
								</line>
								<line number="208" hits="8213388" branch="true" condition-coverage="50% (1/2)">
									<conditions>
										<condition number="0" type="jump" coverage="50%"/>
									</conditions>
								</line>
								<line number="209" hits="8214688" branch="false"/>
								<line number="211" hits="0" branch="false"/>
							</lines>
						</method>
						<method name="getRange" signature="()J" line-rate="1.0" branch-rate="1.0">
							<lines>
								<line number="140" hits="128" branch="false"/>
							</lines>
						</method>
						<method name="init" signature="(J)Lorg/anarres/jallocator/PermutationGenerator$Parameters;" line-rate="0.9230769230769231" branch-rate="0.8888888888888888">
							<lines>
								<line number="149" hits="129" branch="true" condition-coverage="85% (6/7)">
									<conditions>
										<condition number="0" type="switch" coverage="85%"/>
									</conditions>
								</line>
								<line number="151" hits="0" branch="false"/>
								<line number="153" hits="7" branch="false"/>
								<line number="155" hits="7" branch="false"/>
								<line number="157" hits="7" branch="false"/>
								<line number="161" hits="22" branch="false"/>
								<line number="164" hits="14" branch="false"/>
								<line number="167" hits="72" branch="false"/>
								<line number="168" hits="72" branch="false"/>
								<line number="169" hits="72" branch="false"/>
								<line number="170" hits="214" branch="true" condition-coverage="100% (2/2)">
									<conditions>
										<condition number="0" type="jump" coverage="100%"/>
									</conditions>
								</line>
								<line number="171" hits="142" branch="false"/>
								<line number="172" hits="72" branch="false"/>
							</lines>
						</method>
						<method name="shuffle" signature="(J)J" line-rate="0.8571428571428571" branch-rate="0.75">
							<lines>
								<line number="251" hits="8199049" branch="false"/>
								<line number="252" hits="8197315" branch="false"/>
								<line number="253" hits="8214705" branch="true" condition-coverage="100% (2/2)">
									<conditions>
										<condition number="0" type="jump" coverage="100%"/>
									</conditions>
								</line>
								<line number="254" hits="16393" branch="false"/>
								<line number="255" hits="8198355" branch="true" condition-coverage="50% (1/2)">
									<conditions>
										<condition number="0" type="jump" coverage="50%"/>
									</conditions>
								</line>
								<line number="256" hits="0" branch="false"/>
								<line number="257" hits="8197712" branch="false"/>
							</lines>
						</method>
						<method name="toString" signature="()Ljava/lang/String;" line-rate="1.0" branch-rate="1.0">
							<lines>
								<line number="273" hits="126" branch="false"/>
							</lines>
						</method>
						<method name="unfe" signature="(IJJJJ)J" line-rate="0.8571428571428571" branch-rate="0.8333333333333334">
							<lines>
								<line number="219" hits="6905031" branch="true" condition-coverage="50% (1/2)">
									<conditions>
										<condition number="0" type="jump" coverage="50%"/>
									</conditions>
								</line>
								<line number="220" hits="6905031" branch="false"/>
								<line number="221" hits="6905031" branch="false"/>
								<line number="223" hits="0" branch="false"/>
								<line number="224" hits="0" branch="false"/>
								<line number="227" hits="27620124" branch="true" condition-coverage="100% (2/2)">
									<conditions>
										<condition number="0" type="jump" coverage="100%"/>
									</conditions>
								</line>
								<line number="229" hits="20715093" branch="true" condition-coverage="100% (2/2)">
									<conditions>
										<condition number="0" type="jump" coverage="100%"/>
									</conditions>
								</line>
								<line number="230" hits="13810062" branch="false"/>
								<line number="231" hits="13810062" branch="false"/>
								<line number="233" hits="6905031" branch="false"/>
								<line number="234" hits="6905031" branch="false"/>
								<line number="236" hits="20715093" branch="false"/>
								<line number="237" hits="20715093" branch="false"/>
								<line number="239" hits="6905031" branch="false"/>
							</lines>
						</method>
						<method name="unshuffle" signature="(J)J" line-rate="0.8571428571428571" branch-rate="0.75">
							<lines>
								<line number="262" hits="6888729" branch="false"/>
								<line number="263" hits="6888729" branch="false"/>
								<line number="264" hits="6905031" branch="true" condition-coverage="100% (2/2)">
									<conditions>
										<condition number="0" type="jump" coverage="100%"/>
									</conditions>
								</line>
								<line number="265" hits="16302" branch="false"/>
								<line number="266" hits="6888729" branch="true" condition-coverage="50% (1/2)">
									<conditions>
										<condition number="0" type="jump" coverage="50%"/>
									</conditions>
								</line>
								<line number="267" hits="0" branch="false"/>
								<line number="268" hits="6888729" branch="false"/>
							</lines>
						</method>
					</methods>
					<lines>
						<line number="70" hits="1" branch="false"/>
						<line number="72" hits="1" branch="false"/>
						<line number="76" hits="1" branch="false"/>
						<line number="126" hits="129" branch="false"/>
						<line number="130" hits="129" branch="false"/>
						<line number="131" hits="129" branch="false"/>
						<line number="132" hits="129" branch="false"/>
						<line number="133" hits="129" branch="false"/>
						<line number="134" hits="129" branch="false"/>
						<line number="135" hits="129" branch="false"/>
						<line number="136" hits="129" branch="false"/>
						<line number="140" hits="128" branch="false"/>
						<line number="149" hits="129" branch="true" condition-coverage="85% (6/7)">
							<conditions>
								<condition number="0" type="switch" coverage="85%"/>
							</conditions>
						</line>
						<line number="151" hits="0" branch="false"/>
						<line number="153" hits="7" branch="false"/>
						<line number="155" hits="7" branch="false"/>
						<line number="157" hits="7" branch="false"/>
						<line number="161" hits="22" branch="false"/>
						<line number="164" hits="14" branch="false"/>
						<line number="167" hits="72" branch="false"/>
						<line number="168" hits="72" branch="false"/>
						<line number="169" hits="72" branch="false"/>
						<line number="170" hits="214" branch="true" condition-coverage="100% (2/2)">
							<conditions>
								<condition number="0" type="jump" coverage="100%"/>
							</conditions>
						</line>
						<line number="171" hits="142" branch="false"/>
						<line number="172" hits="72" branch="false"/>
						<line number="179" hits="1" branch="false"/>
						<line number="183" hits="45341491" branch="false"/>
						<line number="184" hits="45344144" branch="false"/>
						<line number="185" hits="45347250" branch="false"/>
						<line number="187" hits="45345556" branch="false"/>
						<line number="192" hits="8215756" branch="false"/>
						<line number="193" hits="8215986" branch="false"/>
						<line number="195" hits="32814575" branch="true" condition-coverage="100% (2/2)">
							<conditions>
								<condition number="0" type="jump" coverage="100%"/>
							</conditions>
						</line>
						<line number="198" hits="24611596" branch="true" condition-coverage="100% (2/2)">
							<conditions>
								<condition number="0" type="jump" coverage="100%"/>
							</conditions>
						</line>
						<line number="199" hits="16422094" branch="false"/>
						<line number="201" hits="8215278" branch="false"/>
						<line number="203" hits="24615762" branch="false"/>
						<line number="204" hits="24617292" branch="false"/>
						<line number="205" hits="24619551" branch="true" condition-coverage="50% (3/6)">
							<conditions>
								<condition number="0" type="jump" coverage="50%"/>
								<condition number="1" type="jump" coverage="50%"/>
								<condition number="2" type="jump" coverage="50%"/>
							</conditions>
						</line>
						<line number="208" hits="8213388" branch="true" condition-coverage="50% (1/2)">
							<conditions>
								<condition number="0" type="jump" coverage="50%"/>
							</conditions>
						</line>
						<line number="209" hits="8214688" branch="false"/>
						<line number="211" hits="0" branch="false"/>
						<line number="219" hits="6905031" branch="true" condition-coverage="50% (1/2)">
							<conditions>
								<condition number="0" type="jump" coverage="50%"/>
							</conditions>
						</line>
						<line number="220" hits="6905031" branch="false"/>
						<line number="221" hits="6905031" branch="false"/>
						<line number="223" hits="0" branch="false"/>
						<line number="224" hits="0" branch="false"/>
						<line number="227" hits="27620124" branch="true" condition-coverage="100% (2/2)">
							<conditions>
								<condition number="0" type="jump" coverage="100%"/>
							</conditions>
						</line>
						<line number="229" hits="20715093" branch="true" condition-coverage="100% (2/2)">
							<conditions>
								<condition number="0" type="jump" coverage="100%"/>
							</conditions>
						</line>
						<line number="230" hits="13810062" branch="false"/>
						<line number="231" hits="13810062" branch="false"/>
						<line number="233" hits="6905031" branch="false"/>
						<line number="234" hits="6905031" branch="false"/>
						<line number="236" hits="20715093" branch="false"/>
						<line number="237" hits="20715093" branch="false"/>
						<line number="239" hits="6905031" branch="false"/>
						<line number="243" hits="15085771" branch="true" condition-coverage="50% (1/2)">
							<conditions>
								<condition number="0" type="jump" coverage="50%"/>
							</conditions>
						</line>
						<line number="244" hits="0" branch="false"/>
						<line number="245" hits="15087870" branch="true" condition-coverage="50% (1/2)">
							<conditions>
								<condition number="0" type="jump" coverage="50%"/>
							</conditions>
						</line>
						<line number="246" hits="0" branch="false"/>
						<line number="247" hits="15088086" branch="false"/>
						<line number="251" hits="8199049" branch="false"/>
						<line number="252" hits="8197315" branch="false"/>
						<line number="253" hits="8214705" branch="true" condition-coverage="100% (2/2)">
							<conditions>
								<condition number="0" type="jump" coverage="100%"/>
							</conditions>
						</line>
						<line number="254" hits="16393" branch="false"/>
						<line number="255" hits="8198355" branch="true" condition-coverage="50% (1/2)">
							<conditions>
								<condition number="0" type="jump" coverage="50%"/>
							</conditions>
						</line>
						<line number="256" hits="0" branch="false"/>
						<line number="257" hits="8197712" branch="false"/>
						<line number="262" hits="6888729" branch="false"/>
						<line number="263" hits="6888729" branch="false"/>
						<line number="264" hits="6905031" branch="true" condition-coverage="100% (2/2)">
							<conditions>
								<condition number="0" type="jump" coverage="100%"/>
							</conditions>
						</line>
						<line number="265" hits="16302" branch="false"/>
						<line number="266" hits="6888729" branch="true" condition-coverage="50% (1/2)">
							<conditions>
								<condition number="0" type="jump" coverage="50%"/>
							</conditions>
						</line>
						<line number="267" hits="0" branch="false"/>
						<line number="268" hits="6888729" branch="false"/>
						<line number="273" hits="126" branch="false"/>
					</lines>
				</class>
				<class name="org.anarres.jallocator.PermutationGenerator$Parameters" filename="org/anarres/jallocator/PermutationGenerator.java" line-rate="1.0" branch-rate="1.0" complexity="4.090909090909091">
					<methods>
						<method name="&lt;init&gt;" signature="(JJ)V" line-rate="1.0" branch-rate="1.0">
							<lines>
								<line number="119" hits="129" branch="false"/>
								<line number="120" hits="129" branch="false"/>
								<line number="121" hits="129" branch="false"/>
								<line number="122" hits="129" branch="false"/>
							</lines>
						</method>
						<method name="access$000" signature="(Lorg/anarres/jallocator/PermutationGenerator$Parameters;)J" line-rate="1.0" branch-rate="1.0">
							<lines>
							</lines>
						</method>
						<method name="access$100" signature="(Lorg/anarres/jallocator/PermutationGenerator$Parameters;)J" line-rate="1.0" branch-rate="1.0">
							<lines>
								<line number="114" hits="258" branch="false"/>
							</lines>
						</method>
					</methods>
					<lines>
						<line number="114" hits="258" branch="false"/>
						<line number="119" hits="129" branch="false"/>
						<line number="120" hits="129" branch="false"/>
						<line number="121" hits="129" branch="false"/>
						<line number="122" hits="129" branch="false"/>
					</lines>
				</class>
				<class name="org.anarres.jallocator.ResourceAllocator" filename="org/anarres/jallocator/ResourceAllocator.java" line-rate="0.9166666666666666" branch-rate="0.5" complexity="1.25">
					<methods>
						<method name="&lt;clinit&gt;" signature="()V" line-rate="1.0" branch-rate="1.0">
							<lines>
								<line number="24" hits="1" branch="false"/>
								<line number="25" hits="1" branch="false"/>
							</lines>
						</method>
						<method name="&lt;init&gt;" signature="(Lorg/anarres/jallocator/ResourceProvider;)V" line-rate="1.0" branch-rate="1.0">
							<lines>
								<line number="30" hits="2" branch="false"/>
								<line number="33" hits="2" branch="false"/>
								<line number="34" hits="2" branch="false"/>
								<line number="35" hits="2" branch="false"/>
							</lines>
						</method>
						<method name="getResourceProvider" signature="()Lorg/anarres/jallocator/ResourceProvider;" line-rate="0.0" branch-rate="1.0">
							<lines>
								<line number="39" hits="0" branch="false"/>
							</lines>
						</method>
						<method name="iterator" signature="()Ljava/util/Iterator;" line-rate="1.0" branch-rate="1.0">
							<lines>
								<line number="53" hits="41" branch="false"/>
							</lines>
						</method>
						<method name="setResourceProvider" signature="(Lorg/anarres/jallocator/ResourceProvider;)V" line-rate="1.0" branch-rate="0.5">
							<lines>
								<line number="44" hits="2" branch="true" condition-coverage="50% (1/2)">
									<conditions>
										<condition number="0" type="jump" coverage="50%"/>
									</conditions>
								</line>
								<line number="45" hits="2" branch="false"/>
								<line number="46" hits="2" branch="false"/>
								<line number="48" hits="2" branch="false"/>
							</lines>
						</method>
					</methods>
					<lines>
						<line number="24" hits="1" branch="false"/>
						<line number="25" hits="1" branch="false"/>
						<line number="30" hits="2" branch="false"/>
						<line number="33" hits="2" branch="false"/>
						<line number="34" hits="2" branch="false"/>
						<line number="35" hits="2" branch="false"/>
						<line number="39" hits="0" branch="false"/>
						<line number="44" hits="2" branch="true" condition-coverage="50% (1/2)">
							<conditions>
								<condition number="0" type="jump" coverage="50%"/>
							</conditions>
						</line>
						<line number="45" hits="2" branch="false"/>
						<line number="46" hits="2" branch="false"/>
						<line number="48" hits="2" branch="false"/>
						<line number="53" hits="41" branch="false"/>
					</lines>
				</class>
				<class name="org.anarres.jallocator.ResourceIterator" filename="org/anarres/jallocator/ResourceIterator.java" line-rate="1.0" branch-rate="1.0" complexity="2.0">
					<methods>
						<method name="&lt;clinit&gt;" signature="()V" line-rate="1.0" branch-rate="1.0">
							<lines>
								<line number="21" hits="1" branch="false"/>
							</lines>
						</method>
						<method name="&lt;init&gt;" signature="(Lorg/anarres/jallocator/ResourceProvider;Lorg/anarres/jallocator/PermutationGenerator;Ljava/util/concurrent/atomic/AtomicLong;)V" line-rate="1.0" branch-rate="1.0">
							<lines>
								<line number="33" hits="41" branch="false"/>
								<line number="34" hits="41" branch="false"/>
								<line number="35" hits="41" branch="false"/>
								<line number="36" hits="41" branch="false"/>
								<line number="37" hits="41" branch="false"/>
								<line number="38" hits="41" branch="false"/>
								<line number="39" hits="41" branch="false"/>
							</lines>
						</method>
						<method name="computeNext" signature="()Ljava/lang/Object;" line-rate="1.0" branch-rate="1.0">
							<lines>
								<line number="50" hits="1275898" branch="false"/>
								<line number="52" hits="1311167" branch="true" condition-coverage="100% (2/2)">
									<conditions>
										<condition number="0" type="jump" coverage="100%"/>
									</conditions>
								</line>
								<line number="53" hits="41" branch="false"/>
								<line number="54" hits="1310951" branch="false"/>
								<line number="55" hits="1277399" branch="false"/>
								<line number="56" hits="1309886" branch="false"/>
							</lines>
						</method>
					</methods>
					<lines>
						<line number="21" hits="1" branch="false"/>
						<line number="33" hits="41" branch="false"/>
						<line number="34" hits="41" branch="false"/>
						<line number="35" hits="41" branch="false"/>
						<line number="36" hits="41" branch="false"/>
						<line number="37" hits="41" branch="false"/>
						<line number="38" hits="41" branch="false"/>
						<line number="39" hits="41" branch="false"/>
						<line number="50" hits="1275898" branch="false"/>
						<line number="52" hits="1311167" branch="true" condition-coverage="100% (2/2)">
							<conditions>
								<condition number="0" type="jump" coverage="100%"/>
							</conditions>
						</line>
						<line number="53" hits="41" branch="false"/>
						<line number="54" hits="1310951" branch="false"/>
						<line number="55" hits="1277399" branch="false"/>
						<line number="56" hits="1309886" branch="false"/>
					</lines>
				</class>
				<class name="org.anarres.jallocator.ResourceProvider" filename="org/anarres/jallocator/ResourceProvider.java" line-rate="1.0" branch-rate="1.0" complexity="1.0">
					<methods>
					</methods>
					<lines>
					</lines>
				</class>
			</classes>
		</package>
	</packages>
</coverage>
